{"/home/esand/springboard/exercises/express-biztime/app.js": {"path":"/home/esand/springboard/exercises/express-biztime/app.js","statementMap":{"0":{"start":{"line":2,"column":16},"end":{"line":2,"column":34}},"1":{"start":{"line":3,"column":12},"end":{"line":3,"column":21}},"2":{"start":{"line":4,"column":21},"end":{"line":4,"column":46}},"3":{"start":{"line":6,"column":0},"end":{"line":6,"column":24}},"4":{"start":{"line":8,"column":22},"end":{"line":8,"column":51}},"5":{"start":{"line":9,"column":0},"end":{"line":9,"column":37}},"6":{"start":{"line":11,"column":20},"end":{"line":11,"column":48}},"7":{"start":{"line":12,"column":0},"end":{"line":12,"column":34}},"8":{"start":{"line":16,"column":0},"end":{"line":20,"column":3}},"9":{"start":{"line":17,"column":2},"end":{"line":17,"column":10}},"10":{"start":{"line":18,"column":14},"end":{"line":18,"column":48}},"11":{"start":{"line":19,"column":2},"end":{"line":19,"column":19}},"12":{"start":{"line":24,"column":0},"end":{"line":31,"column":3}},"13":{"start":{"line":25,"column":2},"end":{"line":25,"column":32}},"14":{"start":{"line":27,"column":2},"end":{"line":30,"column":5}},"15":{"start":{"line":34,"column":0},"end":{"line":34,"column":21}}},"fnMap":{"0":{"name":"(anonymous_0)","decl":{"start":{"line":16,"column":8},"end":{"line":16,"column":9}},"loc":{"start":{"line":16,"column":33},"end":{"line":20,"column":1}},"line":16},"1":{"name":"(anonymous_1)","decl":{"start":{"line":24,"column":8},"end":{"line":24,"column":9}},"loc":{"start":{"line":24,"column":33},"end":{"line":31,"column":1}},"line":24}},"branchMap":{"0":{"loc":{"start":{"line":25,"column":13},"end":{"line":25,"column":30}},"type":"binary-expr","locations":[{"start":{"line":25,"column":13},"end":{"line":25,"column":23}},{"start":{"line":25,"column":27},"end":{"line":25,"column":30}}],"line":25}},"s":{"0":2,"1":2,"2":2,"3":2,"4":2,"5":2,"6":2,"7":2,"8":2,"9":0,"10":0,"11":0,"12":2,"13":2,"14":2,"15":2},"f":{"0":0,"1":2},"b":{"0":[2,1]},"_coverageSchema":"1a1c01bbd47fc00a2c39e90264f33305004495a9","hash":"689bf373d0511e2b6103def8c412a6ee7f9037ae"}
,"/home/esand/springboard/exercises/express-biztime/db.js": {"path":"/home/esand/springboard/exercises/express-biztime/db.js","statementMap":{"0":{"start":{"line":3,"column":19},"end":{"line":3,"column":32}},"1":{"start":{"line":15,"column":9},"end":{"line":19,"column":2}},"2":{"start":{"line":21,"column":0},"end":{"line":21,"column":13}},"3":{"start":{"line":23,"column":0},"end":{"line":23,"column":20}}},"fnMap":{},"branchMap":{},"s":{"0":2,"1":2,"2":2,"3":2},"f":{},"b":{},"_coverageSchema":"1a1c01bbd47fc00a2c39e90264f33305004495a9","hash":"44b3ce7a4b73756c35d0acdbd432875f6587b975"}
,"/home/esand/springboard/exercises/express-biztime/expressError.js": {"path":"/home/esand/springboard/exercises/express-biztime/expressError.js","statementMap":{"0":{"start":{"line":9,"column":4},"end":{"line":9,"column":12}},"1":{"start":{"line":10,"column":4},"end":{"line":10,"column":27}},"2":{"start":{"line":11,"column":4},"end":{"line":11,"column":25}},"3":{"start":{"line":12,"column":4},"end":{"line":12,"column":30}},"4":{"start":{"line":17,"column":0},"end":{"line":17,"column":30}}},"fnMap":{"0":{"name":"(anonymous_0)","decl":{"start":{"line":8,"column":2},"end":{"line":8,"column":3}},"loc":{"start":{"line":8,"column":31},"end":{"line":13,"column":3}},"line":8}},"branchMap":{},"s":{"0":2,"1":2,"2":2,"3":2,"4":2},"f":{"0":2},"b":{},"_coverageSchema":"1a1c01bbd47fc00a2c39e90264f33305004495a9","hash":"5a2f86dd7f3d888f78dd7fc59cd162998cc088c0"}
,"/home/esand/springboard/exercises/express-biztime/routes/companies.js": {"path":"/home/esand/springboard/exercises/express-biztime/routes/companies.js","statementMap":{"0":{"start":{"line":1,"column":16},"end":{"line":1,"column":34}},"1":{"start":{"line":2,"column":21},"end":{"line":2,"column":47}},"2":{"start":{"line":3,"column":15},"end":{"line":3,"column":35}},"3":{"start":{"line":4,"column":11},"end":{"line":4,"column":27}},"4":{"start":{"line":11,"column":0},"end":{"line":23,"column":3}},"5":{"start":{"line":13,"column":2},"end":{"line":22,"column":3}},"6":{"start":{"line":14,"column":20},"end":{"line":17,"column":6}},"7":{"start":{"line":19,"column":4},"end":{"line":19,"column":49}},"8":{"start":{"line":21,"column":4},"end":{"line":21,"column":19}},"9":{"start":{"line":27,"column":0},"end":{"line":60,"column":3}},"10":{"start":{"line":28,"column":2},"end":{"line":59,"column":3}},"11":{"start":{"line":29,"column":21},"end":{"line":29,"column":31}},"12":{"start":{"line":31,"column":23},"end":{"line":31,"column":88}},"13":{"start":{"line":33,"column":4},"end":{"line":36,"column":5}},"14":{"start":{"line":35,"column":6},"end":{"line":35,"column":88}},"15":{"start":{"line":38,"column":20},"end":{"line":38,"column":38}},"16":{"start":{"line":41,"column":24},"end":{"line":41,"column":94}},"17":{"start":{"line":44,"column":23},"end":{"line":44,"column":58}},"18":{"start":{"line":44,"column":51},"end":{"line":44,"column":57}},"19":{"start":{"line":47,"column":4},"end":{"line":54,"column":7}},"20":{"start":{"line":58,"column":4},"end":{"line":58,"column":19}},"21":{"start":{"line":63,"column":0},"end":{"line":72,"column":3}},"22":{"start":{"line":64,"column":2},"end":{"line":71,"column":3}},"23":{"start":{"line":65,"column":40},"end":{"line":65,"column":48}},"24":{"start":{"line":66,"column":20},"end":{"line":66,"column":160}},"25":{"start":{"line":67,"column":4},"end":{"line":67,"column":62}},"26":{"start":{"line":69,"column":4},"end":{"line":69,"column":19}},"27":{"start":{"line":76,"column":0},"end":{"line":89,"column":3}},"28":{"start":{"line":77,"column":2},"end":{"line":88,"column":3}},"29":{"start":{"line":78,"column":21},"end":{"line":78,"column":31}},"30":{"start":{"line":79,"column":34},"end":{"line":79,"column":42}},"31":{"start":{"line":80,"column":20},"end":{"line":80,"column":155}},"32":{"start":{"line":81,"column":4},"end":{"line":83,"column":5}},"33":{"start":{"line":82,"column":6},"end":{"line":82,"column":78}},"34":{"start":{"line":84,"column":4},"end":{"line":84,"column":50}},"35":{"start":{"line":86,"column":4},"end":{"line":86,"column":18}},"36":{"start":{"line":95,"column":0},"end":{"line":103,"column":3}},"37":{"start":{"line":96,"column":2},"end":{"line":101,"column":3}},"38":{"start":{"line":97,"column":20},"end":{"line":97,"column":87}},"39":{"start":{"line":98,"column":4},"end":{"line":98,"column":40}},"40":{"start":{"line":100,"column":4},"end":{"line":100,"column":19}},"41":{"start":{"line":106,"column":0},"end":{"line":106,"column":24}}},"fnMap":{"0":{"name":"(anonymous_0)","decl":{"start":{"line":11,"column":16},"end":{"line":11,"column":17}},"loc":{"start":{"line":11,"column":42},"end":{"line":23,"column":1}},"line":11},"1":{"name":"(anonymous_1)","decl":{"start":{"line":27,"column":21},"end":{"line":27,"column":22}},"loc":{"start":{"line":27,"column":47},"end":{"line":60,"column":1}},"line":27},"2":{"name":"(anonymous_2)","decl":{"start":{"line":44,"column":44},"end":{"line":44,"column":45}},"loc":{"start":{"line":44,"column":51},"end":{"line":44,"column":57}},"line":44},"3":{"name":"(anonymous_3)","decl":{"start":{"line":63,"column":17},"end":{"line":63,"column":18}},"loc":{"start":{"line":63,"column":43},"end":{"line":72,"column":1}},"line":63},"4":{"name":"(anonymous_4)","decl":{"start":{"line":76,"column":21},"end":{"line":76,"column":22}},"loc":{"start":{"line":76,"column":47},"end":{"line":89,"column":1}},"line":76},"5":{"name":"(anonymous_5)","decl":{"start":{"line":95,"column":24},"end":{"line":95,"column":25}},"loc":{"start":{"line":95,"column":44},"end":{"line":103,"column":1}},"line":95}},"branchMap":{"0":{"loc":{"start":{"line":33,"column":4},"end":{"line":36,"column":5}},"type":"if","locations":[{"start":{"line":33,"column":4},"end":{"line":36,"column":5}},{"start":{},"end":{}}],"line":33},"1":{"loc":{"start":{"line":81,"column":4},"end":{"line":83,"column":5}},"type":"if","locations":[{"start":{"line":81,"column":4},"end":{"line":83,"column":5}},{"start":{},"end":{}}],"line":81}},"s":{"0":2,"1":2,"2":2,"3":2,"4":2,"5":1,"6":1,"7":1,"8":0,"9":2,"10":2,"11":2,"12":2,"13":2,"14":1,"15":1,"16":1,"17":1,"18":0,"19":1,"20":0,"21":2,"22":1,"23":1,"24":1,"25":1,"26":0,"27":2,"28":1,"29":1,"30":1,"31":1,"32":1,"33":0,"34":1,"35":0,"36":2,"37":1,"38":1,"39":1,"40":0,"41":2},"f":{"0":1,"1":2,"2":0,"3":1,"4":1,"5":1},"b":{"0":[1,1],"1":[0,1]},"_coverageSchema":"1a1c01bbd47fc00a2c39e90264f33305004495a9","hash":"654cec88a805a02f4b9cf950102ac0539d803e2d"}
,"/home/esand/springboard/exercises/express-biztime/routes/invoices.js": {"path":"/home/esand/springboard/exercises/express-biztime/routes/invoices.js","statementMap":{"0":{"start":{"line":1,"column":16},"end":{"line":1,"column":34}},"1":{"start":{"line":2,"column":21},"end":{"line":2,"column":47}},"2":{"start":{"line":3,"column":15},"end":{"line":3,"column":35}},"3":{"start":{"line":4,"column":11},"end":{"line":4,"column":27}},"4":{"start":{"line":6,"column":0},"end":{"line":16,"column":3}},"5":{"start":{"line":7,"column":2},"end":{"line":15,"column":3}},"6":{"start":{"line":8,"column":20},"end":{"line":11,"column":6}},"7":{"start":{"line":12,"column":4},"end":{"line":12,"column":52}},"8":{"start":{"line":14,"column":4},"end":{"line":14,"column":19}},"9":{"start":{"line":18,"column":0},"end":{"line":29,"column":3}},"10":{"start":{"line":19,"column":2},"end":{"line":28,"column":3}},"11":{"start":{"line":20,"column":19},"end":{"line":20,"column":29}},"12":{"start":{"line":21,"column":20},"end":{"line":21,"column":132}},"13":{"start":{"line":22,"column":4},"end":{"line":24,"column":5}},"14":{"start":{"line":23,"column":6},"end":{"line":23,"column":74}},"15":{"start":{"line":25,"column":4},"end":{"line":25,"column":49}},"16":{"start":{"line":27,"column":4},"end":{"line":27,"column":19}},"17":{"start":{"line":33,"column":0},"end":{"line":47,"column":3}},"18":{"start":{"line":34,"column":2},"end":{"line":46,"column":3}},"19":{"start":{"line":35,"column":31},"end":{"line":35,"column":39}},"20":{"start":{"line":36,"column":19},"end":{"line":40,"column":23}},"21":{"start":{"line":42,"column":4},"end":{"line":42,"column":63}},"22":{"start":{"line":45,"column":4},"end":{"line":45,"column":19}},"23":{"start":{"line":54,"column":0},"end":{"line":72,"column":3}},"24":{"start":{"line":56,"column":2},"end":{"line":71,"column":3}},"25":{"start":{"line":57,"column":19},"end":{"line":57,"column":29}},"26":{"start":{"line":58,"column":20},"end":{"line":58,"column":28}},"27":{"start":{"line":59,"column":19},"end":{"line":63,"column":12}},"28":{"start":{"line":64,"column":4},"end":{"line":66,"column":5}},"29":{"start":{"line":65,"column":6},"end":{"line":65,"column":68}},"30":{"start":{"line":67,"column":4},"end":{"line":67,"column":63}},"31":{"start":{"line":70,"column":4},"end":{"line":70,"column":19}},"32":{"start":{"line":78,"column":0},"end":{"line":90,"column":3}},"33":{"start":{"line":79,"column":17},"end":{"line":79,"column":27}},"34":{"start":{"line":80,"column":2},"end":{"line":88,"column":3}},"35":{"start":{"line":81,"column":19},"end":{"line":81,"column":89}},"36":{"start":{"line":82,"column":4},"end":{"line":84,"column":5}},"37":{"start":{"line":83,"column":6},"end":{"line":83,"column":68}},"38":{"start":{"line":85,"column":4},"end":{"line":85,"column":45}},"39":{"start":{"line":87,"column":4},"end":{"line":87,"column":19}},"40":{"start":{"line":93,"column":0},"end":{"line":93,"column":24}}},"fnMap":{"0":{"name":"(anonymous_0)","decl":{"start":{"line":6,"column":16},"end":{"line":6,"column":17}},"loc":{"start":{"line":6,"column":42},"end":{"line":16,"column":1}},"line":6},"1":{"name":"(anonymous_1)","decl":{"start":{"line":18,"column":19},"end":{"line":18,"column":20}},"loc":{"start":{"line":18,"column":45},"end":{"line":29,"column":1}},"line":18},"2":{"name":"(anonymous_2)","decl":{"start":{"line":33,"column":17},"end":{"line":33,"column":18}},"loc":{"start":{"line":33,"column":43},"end":{"line":47,"column":1}},"line":33},"3":{"name":"(anonymous_3)","decl":{"start":{"line":54,"column":19},"end":{"line":54,"column":20}},"loc":{"start":{"line":54,"column":45},"end":{"line":72,"column":1}},"line":54},"4":{"name":"(anonymous_4)","decl":{"start":{"line":78,"column":22},"end":{"line":78,"column":23}},"loc":{"start":{"line":78,"column":48},"end":{"line":90,"column":1}},"line":78}},"branchMap":{"0":{"loc":{"start":{"line":22,"column":4},"end":{"line":24,"column":5}},"type":"if","locations":[{"start":{"line":22,"column":4},"end":{"line":24,"column":5}},{"start":{},"end":{}}],"line":22},"1":{"loc":{"start":{"line":64,"column":4},"end":{"line":66,"column":5}},"type":"if","locations":[{"start":{"line":64,"column":4},"end":{"line":66,"column":5}},{"start":{},"end":{}}],"line":64},"2":{"loc":{"start":{"line":82,"column":4},"end":{"line":84,"column":5}},"type":"if","locations":[{"start":{"line":82,"column":4},"end":{"line":84,"column":5}},{"start":{},"end":{}}],"line":82}},"s":{"0":2,"1":2,"2":2,"3":2,"4":2,"5":1,"6":1,"7":1,"8":0,"9":2,"10":2,"11":2,"12":2,"13":2,"14":1,"15":1,"16":1,"17":2,"18":1,"19":1,"20":1,"21":1,"22":0,"23":2,"24":1,"25":1,"26":1,"27":1,"28":1,"29":0,"30":1,"31":0,"32":2,"33":2,"34":2,"35":2,"36":2,"37":1,"38":1,"39":1,"40":2},"f":{"0":1,"1":2,"2":1,"3":1,"4":2},"b":{"0":[1,1],"1":[0,1],"2":[1,1]},"_coverageSchema":"1a1c01bbd47fc00a2c39e90264f33305004495a9","hash":"34d7aed5ae3c6173db0bdc1357d11ad1d08ec2b0"}
}
