TN:
SF:app.js
FN:16,(anonymous_0)
FN:24,(anonymous_1)
FNF:2
FNH:1
FNDA:0,(anonymous_0)
FNDA:2,(anonymous_1)
DA:2,2
DA:3,2
DA:4,2
DA:6,2
DA:8,2
DA:9,2
DA:11,2
DA:12,2
DA:16,2
DA:17,0
DA:18,0
DA:19,0
DA:24,2
DA:25,2
DA:27,2
DA:34,2
LF:16
LH:13
BRDA:25,0,0,2
BRDA:25,0,1,1
BRF:2
BRH:2
end_of_record
TN:
SF:db.js
FNF:0
FNH:0
DA:3,2
DA:15,2
DA:21,2
DA:23,2
LF:4
LH:4
BRF:0
BRH:0
end_of_record
TN:
SF:expressError.js
FN:8,(anonymous_0)
FNF:1
FNH:1
FNDA:2,(anonymous_0)
DA:9,2
DA:10,2
DA:11,2
DA:12,2
DA:17,2
LF:5
LH:5
BRF:0
BRH:0
end_of_record
TN:
SF:routes/companies.js
FN:11,(anonymous_0)
FN:27,(anonymous_1)
FN:44,(anonymous_2)
FN:63,(anonymous_3)
FN:76,(anonymous_4)
FN:95,(anonymous_5)
FNF:6
FNH:5
FNDA:1,(anonymous_0)
FNDA:2,(anonymous_1)
FNDA:0,(anonymous_2)
FNDA:1,(anonymous_3)
FNDA:1,(anonymous_4)
FNDA:1,(anonymous_5)
DA:1,2
DA:2,2
DA:3,2
DA:4,2
DA:11,2
DA:13,1
DA:14,1
DA:19,1
DA:21,0
DA:27,2
DA:28,2
DA:29,2
DA:31,2
DA:33,2
DA:35,1
DA:38,1
DA:41,1
DA:44,1
DA:47,1
DA:58,0
DA:63,2
DA:64,1
DA:65,1
DA:66,1
DA:67,1
DA:69,0
DA:76,2
DA:77,1
DA:78,1
DA:79,1
DA:80,1
DA:81,1
DA:82,0
DA:84,1
DA:86,0
DA:95,2
DA:96,1
DA:97,1
DA:98,1
DA:100,0
DA:106,2
LF:41
LH:35
BRDA:33,0,0,1
BRDA:33,0,1,1
BRDA:81,1,0,0
BRDA:81,1,1,1
BRF:4
BRH:3
end_of_record
TN:
SF:routes/invoices.js
FN:6,(anonymous_0)
FN:18,(anonymous_1)
FN:33,(anonymous_2)
FN:54,(anonymous_3)
FN:78,(anonymous_4)
FNF:5
FNH:5
FNDA:1,(anonymous_0)
FNDA:2,(anonymous_1)
FNDA:1,(anonymous_2)
FNDA:1,(anonymous_3)
FNDA:2,(anonymous_4)
DA:1,2
DA:2,2
DA:3,2
DA:4,2
DA:6,2
DA:7,1
DA:8,1
DA:12,1
DA:14,0
DA:18,2
DA:19,2
DA:20,2
DA:21,2
DA:22,2
DA:23,1
DA:25,1
DA:27,1
DA:33,2
DA:34,1
DA:35,1
DA:36,1
DA:42,1
DA:45,0
DA:54,2
DA:56,1
DA:57,1
DA:58,1
DA:59,1
DA:64,1
DA:65,0
DA:67,1
DA:70,0
DA:78,2
DA:79,2
DA:80,2
DA:81,2
DA:82,2
DA:83,1
DA:85,1
DA:87,1
DA:93,2
LF:41
LH:37
BRDA:22,0,0,1
BRDA:22,0,1,1
BRDA:64,1,0,0
BRDA:64,1,1,1
BRDA:82,2,0,1
BRDA:82,2,1,1
BRF:6
BRH:5
end_of_record
